{"nbformat":4,"nbformat_minor":0,"metadata":{"colab":{"provenance":[],"gpuType":"T4","mount_file_id":"1DNGeSDDrlms9_ZhT94raOSUMZ-YShYAJ","authorship_tag":"ABX9TyOaGXdU67out391NpiRNYFJ"},"kernelspec":{"name":"python3","display_name":"Python 3"},"language_info":{"name":"python"},"accelerator":"GPU"},"cells":[{"cell_type":"code","source":["import torch\n","\n","print(torch.zeros(1).cuda())\n","# import torch\n","print(torch.__version__)\n","print(torch.cuda.is_available())\n","print(torch.cuda.get_device_name(0))"],"metadata":{"colab":{"base_uri":"https://localhost:8080/"},"id":"hQ-kV7_AGFUs","executionInfo":{"status":"ok","timestamp":1714867957850,"user_tz":-330,"elapsed":3688,"user":{"displayName":"Divyaant Kumar Jain","userId":"17029113749924499770"}},"outputId":"af2cf97c-1e36-4b15-b218-43e25a27613a"},"execution_count":null,"outputs":[{"output_type":"stream","name":"stdout","text":["tensor([0.], device='cuda:0')\n","2.2.1+cu121\n","True\n","Tesla T4\n"]}]},{"cell_type":"code","source":["from google.colab import drive\n","drive.mount('/content/drive')"],"metadata":{"colab":{"base_uri":"https://localhost:8080/"},"id":"GugZ_D1PDsiF","executionInfo":{"status":"ok","timestamp":1714817033034,"user_tz":-330,"elapsed":32140,"user":{"displayName":"Divyaant Kumar Jain","userId":"17029113749924499770"}},"outputId":"14511ef5-9642-473a-8d67-7721d0750a4a"},"execution_count":null,"outputs":[{"output_type":"stream","name":"stdout","text":["Mounted at /content/drive\n"]}]},{"cell_type":"code","source":["%cd /content/drive/MyDrive/Queue_analyzer"],"metadata":{"colab":{"base_uri":"https://localhost:8080/"},"id":"59-Yjfm2El_b","executionInfo":{"status":"ok","timestamp":1715098399324,"user_tz":-330,"elapsed":9,"user":{"displayName":"Divyaant Kumar Jain","userId":"17029113749924499770"}},"outputId":"049325e5-d825-4bdf-8a7f-ab220c326651"},"execution_count":1,"outputs":[{"output_type":"stream","name":"stdout","text":["/content/drive/MyDrive/Queue_analyzer\n"]}]},{"cell_type":"code","source":[],"metadata":{"id":"xMywhjPOzzMX"},"execution_count":null,"outputs":[]},{"cell_type":"code","source":["!pip install -r requirements.txt"],"metadata":{"id":"uF2WEeHBEtS4","colab":{"base_uri":"https://localhost:8080/"},"executionInfo":{"status":"ok","timestamp":1715098242711,"user_tz":-330,"elapsed":200605,"user":{"displayName":"Divyaant Kumar Jain","userId":"17029113749924499770"}},"outputId":"b6ed0b40-bb7c-424c-a020-d82537b01e22"},"execution_count":4,"outputs":[{"output_type":"stream","name":"stdout","text":["Collecting chromadb==0.4.24 (from -r requirements.txt (line 1))\n","  Using cached chromadb-0.4.24-py3-none-any.whl (525 kB)\n","Collecting cvzone==1.6.1 (from -r requirements.txt (line 2))\n","  Using cached cvzone-1.6.1.tar.gz (25 kB)\n","  Preparing metadata (setup.py) ... \u001b[?25l\u001b[?25hdone\n","Collecting deepface==0.0.89 (from -r requirements.txt (line 3))\n","  Using cached deepface-0.0.89-py3-none-any.whl (94 kB)\n","Requirement already satisfied: easydict==1.13 in /usr/local/lib/python3.10/dist-packages (from -r requirements.txt (line 4)) (1.13)\n","Collecting facenet-pytorch==2.5.3 (from -r requirements.txt (line 5))\n","  Using cached facenet_pytorch-2.5.3-py3-none-any.whl (1.9 MB)\n","Collecting filterpy==1.4.5 (from -r requirements.txt (line 6))\n","  Using cached filterpy-1.4.5.zip (177 kB)\n","  Preparing metadata (setup.py) ... \u001b[?25l\u001b[?25hdone\n","Collecting lapx==0.5.7 (from -r requirements.txt (line 7))\n","  Using cached lapx-0.5.7-cp310-cp310-manylinux_2_5_x86_64.manylinux1_x86_64.manylinux_2_17_x86_64.manylinux2014_x86_64.whl (1.7 MB)\n","Collecting scikit-image==0.23.2 (from -r requirements.txt (line 8))\n","  Using cached scikit_image-0.23.2-cp310-cp310-manylinux_2_17_x86_64.manylinux2014_x86_64.whl (14.7 MB)\n","Collecting scikit-learn==1.4.2 (from -r requirements.txt (line 9))\n","  Using cached scikit_learn-1.4.2-cp310-cp310-manylinux_2_17_x86_64.manylinux2014_x86_64.whl (12.1 MB)\n","Collecting scipy==1.13.0 (from -r requirements.txt (line 10))\n","  Using cached scipy-1.13.0-cp310-cp310-manylinux_2_17_x86_64.manylinux2014_x86_64.whl (38.6 MB)\n","Collecting streamlit==1.33.0 (from -r requirements.txt (line 11))\n","  Using cached streamlit-1.33.0-py2.py3-none-any.whl (8.1 MB)\n","Collecting tf_keras==2.16.0 (from -r requirements.txt (line 12))\n","  Using cached tf_keras-2.16.0-py3-none-any.whl (1.7 MB)\n","Collecting ultralytics==8.1.40 (from -r requirements.txt (line 13))\n","  Using cached ultralytics-8.1.40-py3-none-any.whl (744 kB)\n","Collecting opencv-python==4.9.0.80 (from -r requirements.txt (line 14))\n","  Downloading opencv_python-4.9.0.80-cp37-abi3-manylinux_2_17_x86_64.manylinux2014_x86_64.whl (62.2 MB)\n","\u001b[2K     \u001b[90m━━━━━━━━━━━━━━━━━━━━━━━━━━━━━━━━━━━━━━━━\u001b[0m \u001b[32m62.2/62.2 MB\u001b[0m \u001b[31m9.8 MB/s\u001b[0m eta \u001b[36m0:00:00\u001b[0m\n","\u001b[?25hRequirement already satisfied: build>=1.0.3 in /usr/local/lib/python3.10/dist-packages (from chromadb==0.4.24->-r requirements.txt (line 1)) (1.2.1)\n","Requirement already satisfied: requests>=2.28 in /usr/local/lib/python3.10/dist-packages (from chromadb==0.4.24->-r requirements.txt (line 1)) (2.31.0)\n","Requirement already satisfied: pydantic>=1.9 in /usr/local/lib/python3.10/dist-packages (from chromadb==0.4.24->-r requirements.txt (line 1)) (2.7.1)\n","Collecting chroma-hnswlib==0.7.3 (from chromadb==0.4.24->-r requirements.txt (line 1))\n","  Downloading chroma_hnswlib-0.7.3-cp310-cp310-manylinux_2_17_x86_64.manylinux2014_x86_64.whl (2.4 MB)\n","\u001b[2K     \u001b[90m━━━━━━━━━━━━━━━━━━━━━━━━━━━━━━━━━━━━━━━━\u001b[0m \u001b[32m2.4/2.4 MB\u001b[0m \u001b[31m98.7 MB/s\u001b[0m eta \u001b[36m0:00:00\u001b[0m\n","\u001b[?25hCollecting fastapi>=0.95.2 (from chromadb==0.4.24->-r requirements.txt (line 1))\n","  Downloading fastapi-0.111.0-py3-none-any.whl (91 kB)\n","\u001b[2K     \u001b[90m━━━━━━━━━━━━━━━━━━━━━━━━━━━━━━━━━━━━━━━━\u001b[0m \u001b[32m92.0/92.0 kB\u001b[0m \u001b[31m13.5 MB/s\u001b[0m eta \u001b[36m0:00:00\u001b[0m\n","\u001b[?25hCollecting uvicorn[standard]>=0.18.3 (from chromadb==0.4.24->-r requirements.txt (line 1))\n","  Downloading uvicorn-0.29.0-py3-none-any.whl (60 kB)\n","\u001b[2K     \u001b[90m━━━━━━━━━━━━━━━━━━━━━━━━━━━━━━━━━━━━━━━━\u001b[0m \u001b[32m60.8/60.8 kB\u001b[0m \u001b[31m9.7 MB/s\u001b[0m eta \u001b[36m0:00:00\u001b[0m\n","\u001b[?25hRequirement already satisfied: numpy>=1.22.5 in /usr/local/lib/python3.10/dist-packages (from chromadb==0.4.24->-r requirements.txt (line 1)) (1.25.2)\n","Collecting posthog>=2.4.0 (from chromadb==0.4.24->-r requirements.txt (line 1))\n","  Downloading posthog-3.5.0-py2.py3-none-any.whl (41 kB)\n","\u001b[2K     \u001b[90m━━━━━━━━━━━━━━━━━━━━━━━━━━━━━━━━━━━━━━━━\u001b[0m \u001b[32m41.3/41.3 kB\u001b[0m \u001b[31m5.7 MB/s\u001b[0m eta \u001b[36m0:00:00\u001b[0m\n","\u001b[?25hRequirement already satisfied: typing-extensions>=4.5.0 in /usr/local/lib/python3.10/dist-packages (from chromadb==0.4.24->-r requirements.txt (line 1)) (4.11.0)\n","Collecting pulsar-client>=3.1.0 (from chromadb==0.4.24->-r requirements.txt (line 1))\n","  Downloading pulsar_client-3.5.0-cp310-cp310-manylinux_2_17_x86_64.manylinux2014_x86_64.whl (5.4 MB)\n","\u001b[2K     \u001b[90m━━━━━━━━━━━━━━━━━━━━━━━━━━━━━━━━━━━━━━━━\u001b[0m \u001b[32m5.4/5.4 MB\u001b[0m \u001b[31m109.2 MB/s\u001b[0m eta \u001b[36m0:00:00\u001b[0m\n","\u001b[?25hCollecting onnxruntime>=1.14.1 (from chromadb==0.4.24->-r requirements.txt (line 1))\n","  Downloading onnxruntime-1.17.3-cp310-cp310-manylinux_2_27_x86_64.manylinux_2_28_x86_64.whl (6.8 MB)\n","\u001b[2K     \u001b[90m━━━━━━━━━━━━━━━━━━━━━━━━━━━━━━━━━━━━━━━━\u001b[0m \u001b[32m6.8/6.8 MB\u001b[0m \u001b[31m95.4 MB/s\u001b[0m eta \u001b[36m0:00:00\u001b[0m\n","\u001b[?25hCollecting opentelemetry-api>=1.2.0 (from chromadb==0.4.24->-r requirements.txt (line 1))\n","  Downloading opentelemetry_api-1.24.0-py3-none-any.whl (60 kB)\n","\u001b[2K     \u001b[90m━━━━━━━━━━━━━━━━━━━━━━━━━━━━━━━━━━━━━━━━\u001b[0m \u001b[32m60.1/60.1 kB\u001b[0m \u001b[31m8.9 MB/s\u001b[0m eta \u001b[36m0:00:00\u001b[0m\n","\u001b[?25hCollecting opentelemetry-exporter-otlp-proto-grpc>=1.2.0 (from chromadb==0.4.24->-r requirements.txt (line 1))\n","  Downloading opentelemetry_exporter_otlp_proto_grpc-1.24.0-py3-none-any.whl (18 kB)\n","Collecting opentelemetry-instrumentation-fastapi>=0.41b0 (from chromadb==0.4.24->-r requirements.txt (line 1))\n","  Downloading opentelemetry_instrumentation_fastapi-0.45b0-py3-none-any.whl (11 kB)\n","Collecting opentelemetry-sdk>=1.2.0 (from chromadb==0.4.24->-r requirements.txt (line 1))\n","  Downloading opentelemetry_sdk-1.24.0-py3-none-any.whl (106 kB)\n","\u001b[2K     \u001b[90m━━━━━━━━━━━━━━━━━━━━━━━━━━━━━━━━━━━━━━━━\u001b[0m \u001b[32m106.1/106.1 kB\u001b[0m \u001b[31m15.4 MB/s\u001b[0m eta \u001b[36m0:00:00\u001b[0m\n","\u001b[?25hRequirement already satisfied: tokenizers>=0.13.2 in /usr/local/lib/python3.10/dist-packages (from chromadb==0.4.24->-r requirements.txt (line 1)) (0.19.1)\n","Collecting pypika>=0.48.9 (from chromadb==0.4.24->-r requirements.txt (line 1))\n","  Downloading PyPika-0.48.9.tar.gz (67 kB)\n","\u001b[2K     \u001b[90m━━━━━━━━━━━━━━━━━━━━━━━━━━━━━━━━━━━━━━━━\u001b[0m \u001b[32m67.3/67.3 kB\u001b[0m \u001b[31m9.4 MB/s\u001b[0m eta \u001b[36m0:00:00\u001b[0m\n","\u001b[?25h  Installing build dependencies ... \u001b[?25l\u001b[?25hdone\n","  Getting requirements to build wheel ... \u001b[?25l\u001b[?25hdone\n","  Preparing metadata (pyproject.toml) ... \u001b[?25l\u001b[?25hdone\n","Requirement already satisfied: tqdm>=4.65.0 in /usr/local/lib/python3.10/dist-packages (from chromadb==0.4.24->-r requirements.txt (line 1)) (4.66.2)\n","Collecting overrides>=7.3.1 (from chromadb==0.4.24->-r requirements.txt (line 1))\n","  Downloading overrides-7.7.0-py3-none-any.whl (17 kB)\n","Requirement already satisfied: importlib-resources in /usr/local/lib/python3.10/dist-packages (from chromadb==0.4.24->-r requirements.txt (line 1)) (6.4.0)\n","Requirement already satisfied: grpcio>=1.58.0 in /usr/local/lib/python3.10/dist-packages (from chromadb==0.4.24->-r requirements.txt (line 1)) (1.63.0)\n","Collecting bcrypt>=4.0.1 (from chromadb==0.4.24->-r requirements.txt (line 1))\n","  Downloading bcrypt-4.1.3-cp39-abi3-manylinux_2_28_x86_64.whl (283 kB)\n","\u001b[2K     \u001b[90m━━━━━━━━━━━━━━━━━━━━━━━━━━━━━━━━━━━━━━━━\u001b[0m \u001b[32m283.7/283.7 kB\u001b[0m \u001b[31m31.5 MB/s\u001b[0m eta \u001b[36m0:00:00\u001b[0m\n","\u001b[?25hRequirement already satisfied: typer>=0.9.0 in /usr/local/lib/python3.10/dist-packages (from chromadb==0.4.24->-r requirements.txt (line 1)) (0.9.4)\n","Collecting kubernetes>=28.1.0 (from chromadb==0.4.24->-r requirements.txt (line 1))\n","  Downloading kubernetes-29.0.0-py2.py3-none-any.whl (1.6 MB)\n","\u001b[2K     \u001b[90m━━━━━━━━━━━━━━━━━━━━━━━━━━━━━━━━━━━━━━━━\u001b[0m \u001b[32m1.6/1.6 MB\u001b[0m \u001b[31m67.1 MB/s\u001b[0m eta \u001b[36m0:00:00\u001b[0m\n","\u001b[?25hRequirement already satisfied: tenacity>=8.2.3 in /usr/local/lib/python3.10/dist-packages (from chromadb==0.4.24->-r requirements.txt (line 1)) (8.2.3)\n","Requirement already satisfied: PyYAML>=6.0.0 in /usr/local/lib/python3.10/dist-packages (from chromadb==0.4.24->-r requirements.txt (line 1)) (6.0.1)\n","Collecting mmh3>=4.0.1 (from chromadb==0.4.24->-r requirements.txt (line 1))\n","  Downloading mmh3-4.1.0-cp310-cp310-manylinux_2_5_x86_64.manylinux1_x86_64.manylinux_2_17_x86_64.manylinux2014_x86_64.whl (67 kB)\n","\u001b[2K     \u001b[90m━━━━━━━━━━━━━━━━━━━━━━━━━━━━━━━━━━━━━━━━\u001b[0m \u001b[32m67.6/67.6 kB\u001b[0m \u001b[31m9.3 MB/s\u001b[0m eta \u001b[36m0:00:00\u001b[0m\n","\u001b[?25hCollecting orjson>=3.9.12 (from chromadb==0.4.24->-r requirements.txt (line 1))\n","  Downloading orjson-3.10.3-cp310-cp310-manylinux_2_17_x86_64.manylinux2014_x86_64.whl (142 kB)\n","\u001b[2K     \u001b[90m━━━━━━━━━━━━━━━━━━━━━━━━━━━━━━━━━━━━━━━━\u001b[0m \u001b[32m142.5/142.5 kB\u001b[0m \u001b[31m19.0 MB/s\u001b[0m eta \u001b[36m0:00:00\u001b[0m\n","\u001b[?25hRequirement already satisfied: pandas>=0.23.4 in /usr/local/lib/python3.10/dist-packages (from deepface==0.0.89->-r requirements.txt (line 3)) (2.0.3)\n","Requirement already satisfied: gdown>=3.10.1 in /usr/local/lib/python3.10/dist-packages (from deepface==0.0.89->-r requirements.txt (line 3)) (5.1.0)\n","Requirement already satisfied: Pillow>=5.2.0 in /usr/local/lib/python3.10/dist-packages (from deepface==0.0.89->-r requirements.txt (line 3)) (9.4.0)\n","Requirement already satisfied: tensorflow>=1.9.0 in /usr/local/lib/python3.10/dist-packages (from deepface==0.0.89->-r requirements.txt (line 3)) (2.15.0)\n","Requirement already satisfied: keras>=2.2.0 in /usr/local/lib/python3.10/dist-packages (from deepface==0.0.89->-r requirements.txt (line 3)) (2.15.0)\n","Requirement already satisfied: Flask>=1.1.2 in /usr/local/lib/python3.10/dist-packages (from deepface==0.0.89->-r requirements.txt (line 3)) (2.2.5)\n","Collecting mtcnn>=0.1.0 (from deepface==0.0.89->-r requirements.txt (line 3))\n","  Downloading mtcnn-0.1.1-py3-none-any.whl (2.3 MB)\n","\u001b[2K     \u001b[90m━━━━━━━━━━━━━━━━━━━━━━━━━━━━━━━━━━━━━━━━\u001b[0m \u001b[32m2.3/2.3 MB\u001b[0m \u001b[31m94.0 MB/s\u001b[0m eta \u001b[36m0:00:00\u001b[0m\n","\u001b[?25hCollecting retina-face>=0.0.1 (from deepface==0.0.89->-r requirements.txt (line 3))\n","  Downloading retina_face-0.0.17-py3-none-any.whl (25 kB)\n","Collecting fire>=0.4.0 (from deepface==0.0.89->-r requirements.txt (line 3))\n","  Downloading fire-0.6.0.tar.gz (88 kB)\n","\u001b[2K     \u001b[90m━━━━━━━━━━━━━━━━━━━━━━━━━━━━━━━━━━━━━━━━\u001b[0m \u001b[32m88.4/88.4 kB\u001b[0m \u001b[31m12.1 MB/s\u001b[0m eta \u001b[36m0:00:00\u001b[0m\n","\u001b[?25h  Preparing metadata (setup.py) ... \u001b[?25l\u001b[?25hdone\n","Collecting gunicorn>=20.1.0 (from deepface==0.0.89->-r requirements.txt (line 3))\n","  Downloading gunicorn-22.0.0-py3-none-any.whl (84 kB)\n","\u001b[2K     \u001b[90m━━━━━━━━━━━━━━━━━━━━━━━━━━━━━━━━━━━━━━━━\u001b[0m \u001b[32m84.4/84.4 kB\u001b[0m \u001b[31m13.5 MB/s\u001b[0m eta \u001b[36m0:00:00\u001b[0m\n","\u001b[?25hRequirement already satisfied: torchvision in /usr/local/lib/python3.10/dist-packages (from facenet-pytorch==2.5.3->-r requirements.txt (line 5)) (0.17.1+cu121)\n","Requirement already satisfied: matplotlib in /usr/local/lib/python3.10/dist-packages (from filterpy==1.4.5->-r requirements.txt (line 6)) (3.7.1)\n","Requirement already satisfied: Cython>=0.29.32 in /usr/local/lib/python3.10/dist-packages (from lapx==0.5.7->-r requirements.txt (line 7)) (3.0.10)\n","Requirement already satisfied: networkx>=2.8 in /usr/local/lib/python3.10/dist-packages (from scikit-image==0.23.2->-r requirements.txt (line 8)) (3.3)\n","Collecting imageio>=2.33 (from scikit-image==0.23.2->-r requirements.txt (line 8))\n","  Downloading imageio-2.34.1-py3-none-any.whl (313 kB)\n","\u001b[2K     \u001b[90m━━━━━━━━━━━━━━━━━━━━━━━━━━━━━━━━━━━━━━━━\u001b[0m \u001b[32m313.5/313.5 kB\u001b[0m \u001b[31m28.8 MB/s\u001b[0m eta \u001b[36m0:00:00\u001b[0m\n","\u001b[?25hRequirement already satisfied: tifffile>=2022.8.12 in /usr/local/lib/python3.10/dist-packages (from scikit-image==0.23.2->-r requirements.txt (line 8)) (2024.4.24)\n","Requirement already satisfied: packaging>=21 in /usr/local/lib/python3.10/dist-packages (from scikit-image==0.23.2->-r requirements.txt (line 8)) (24.0)\n","Requirement already satisfied: lazy-loader>=0.4 in /usr/local/lib/python3.10/dist-packages (from scikit-image==0.23.2->-r requirements.txt (line 8)) (0.4)\n","Requirement already satisfied: joblib>=1.2.0 in /usr/local/lib/python3.10/dist-packages (from scikit-learn==1.4.2->-r requirements.txt (line 9)) (1.4.0)\n","Requirement already satisfied: threadpoolctl>=2.0.0 in /usr/local/lib/python3.10/dist-packages (from scikit-learn==1.4.2->-r requirements.txt (line 9)) (3.5.0)\n","Requirement already satisfied: altair<6,>=4.0 in /usr/local/lib/python3.10/dist-packages (from streamlit==1.33.0->-r requirements.txt (line 11)) (4.2.2)\n","Requirement already satisfied: blinker<2,>=1.0.0 in /usr/lib/python3/dist-packages (from streamlit==1.33.0->-r requirements.txt (line 11)) (1.4)\n","Requirement already satisfied: cachetools<6,>=4.0 in /usr/local/lib/python3.10/dist-packages (from streamlit==1.33.0->-r requirements.txt (line 11)) (5.3.3)\n","Requirement already satisfied: click<9,>=7.0 in /usr/local/lib/python3.10/dist-packages (from streamlit==1.33.0->-r requirements.txt (line 11)) (8.1.7)\n","Requirement already satisfied: protobuf<5,>=3.20 in /usr/local/lib/python3.10/dist-packages (from streamlit==1.33.0->-r requirements.txt (line 11)) (3.20.3)\n","Requirement already satisfied: pyarrow>=7.0 in /usr/local/lib/python3.10/dist-packages (from streamlit==1.33.0->-r requirements.txt (line 11)) (14.0.2)\n","Requirement already satisfied: rich<14,>=10.14.0 in /usr/local/lib/python3.10/dist-packages (from streamlit==1.33.0->-r requirements.txt (line 11)) (13.7.1)\n","Requirement already satisfied: toml<2,>=0.10.1 in /usr/local/lib/python3.10/dist-packages (from streamlit==1.33.0->-r requirements.txt (line 11)) (0.10.2)\n","Collecting gitpython!=3.1.19,<4,>=3.0.7 (from streamlit==1.33.0->-r requirements.txt (line 11))\n","  Downloading GitPython-3.1.43-py3-none-any.whl (207 kB)\n","\u001b[2K     \u001b[90m━━━━━━━━━━━━━━━━━━━━━━━━━━━━━━━━━━━━━━━━\u001b[0m \u001b[32m207.3/207.3 kB\u001b[0m \u001b[31m29.0 MB/s\u001b[0m eta \u001b[36m0:00:00\u001b[0m\n","\u001b[?25hCollecting pydeck<1,>=0.8.0b4 (from streamlit==1.33.0->-r requirements.txt (line 11))\n","  Downloading pydeck-0.9.0-py2.py3-none-any.whl (6.9 MB)\n","\u001b[2K     \u001b[90m━━━━━━━━━━━━━━━━━━━━━━━━━━━━━━━━━━━━━━━━\u001b[0m \u001b[32m6.9/6.9 MB\u001b[0m \u001b[31m119.7 MB/s\u001b[0m eta \u001b[36m0:00:00\u001b[0m\n","\u001b[?25hRequirement already satisfied: tornado<7,>=6.0.3 in /usr/local/lib/python3.10/dist-packages (from streamlit==1.33.0->-r requirements.txt (line 11)) (6.3.3)\n","Collecting watchdog>=2.1.5 (from streamlit==1.33.0->-r requirements.txt (line 11))\n","  Downloading watchdog-4.0.0-py3-none-manylinux2014_x86_64.whl (82 kB)\n","\u001b[2K     \u001b[90m━━━━━━━━━━━━━━━━━━━━━━━━━━━━━━━━━━━━━━━━\u001b[0m \u001b[32m83.0/83.0 kB\u001b[0m \u001b[31m12.7 MB/s\u001b[0m eta \u001b[36m0:00:00\u001b[0m\n","\u001b[?25hCollecting tensorflow>=1.9.0 (from deepface==0.0.89->-r requirements.txt (line 3))\n","  Downloading tensorflow-2.16.1-cp310-cp310-manylinux_2_17_x86_64.manylinux2014_x86_64.whl (589.8 MB)\n","\u001b[2K     \u001b[90m━━━━━━━━━━━━━━━━━━━━━━━━━━━━━━━━━━━━━━━━\u001b[0m \u001b[32m589.8/589.8 MB\u001b[0m \u001b[31m2.9 MB/s\u001b[0m eta \u001b[36m0:00:00\u001b[0m\n","\u001b[?25hRequirement already satisfied: torch>=1.8.0 in /usr/local/lib/python3.10/dist-packages (from ultralytics==8.1.40->-r requirements.txt (line 13)) (2.2.1+cu121)\n","Requirement already satisfied: psutil in /usr/local/lib/python3.10/dist-packages (from ultralytics==8.1.40->-r requirements.txt (line 13)) (5.9.5)\n","Requirement already satisfied: py-cpuinfo in /usr/local/lib/python3.10/dist-packages (from ultralytics==8.1.40->-r requirements.txt (line 13)) (9.0.0)\n","Collecting thop>=0.1.1 (from ultralytics==8.1.40->-r requirements.txt (line 13))\n","  Downloading thop-0.1.1.post2209072238-py3-none-any.whl (15 kB)\n","Requirement already satisfied: seaborn>=0.11.0 in /usr/local/lib/python3.10/dist-packages (from ultralytics==8.1.40->-r requirements.txt (line 13)) (0.13.1)\n","Requirement already satisfied: entrypoints in /usr/local/lib/python3.10/dist-packages (from altair<6,>=4.0->streamlit==1.33.0->-r requirements.txt (line 11)) (0.4)\n","Requirement already satisfied: jinja2 in /usr/local/lib/python3.10/dist-packages (from altair<6,>=4.0->streamlit==1.33.0->-r requirements.txt (line 11)) (3.1.3)\n","Requirement already satisfied: jsonschema>=3.0 in /usr/local/lib/python3.10/dist-packages (from altair<6,>=4.0->streamlit==1.33.0->-r requirements.txt (line 11)) (4.19.2)\n","Requirement already satisfied: toolz in /usr/local/lib/python3.10/dist-packages (from altair<6,>=4.0->streamlit==1.33.0->-r requirements.txt (line 11)) (0.12.1)\n","Requirement already satisfied: pyproject_hooks in /usr/local/lib/python3.10/dist-packages (from build>=1.0.3->chromadb==0.4.24->-r requirements.txt (line 1)) (1.1.0)\n","Requirement already satisfied: tomli>=1.1.0 in /usr/local/lib/python3.10/dist-packages (from build>=1.0.3->chromadb==0.4.24->-r requirements.txt (line 1)) (2.0.1)\n","Collecting starlette<0.38.0,>=0.37.2 (from fastapi>=0.95.2->chromadb==0.4.24->-r requirements.txt (line 1))\n","  Downloading starlette-0.37.2-py3-none-any.whl (71 kB)\n","\u001b[2K     \u001b[90m━━━━━━━━━━━━━━━━━━━━━━━━━━━━━━━━━━━━━━━━\u001b[0m \u001b[32m71.9/71.9 kB\u001b[0m \u001b[31m10.4 MB/s\u001b[0m eta \u001b[36m0:00:00\u001b[0m\n","\u001b[?25hCollecting fastapi-cli>=0.0.2 (from fastapi>=0.95.2->chromadb==0.4.24->-r requirements.txt (line 1))\n","  Downloading fastapi_cli-0.0.2-py3-none-any.whl (9.1 kB)\n","Collecting httpx>=0.23.0 (from fastapi>=0.95.2->chromadb==0.4.24->-r requirements.txt (line 1))\n","  Downloading httpx-0.27.0-py3-none-any.whl (75 kB)\n","\u001b[2K     \u001b[90m━━━━━━━━━━━━━━━━━━━━━━━━━━━━━━━━━━━━━━━━\u001b[0m \u001b[32m75.6/75.6 kB\u001b[0m \u001b[31m11.7 MB/s\u001b[0m eta \u001b[36m0:00:00\u001b[0m\n","\u001b[?25hCollecting python-multipart>=0.0.7 (from fastapi>=0.95.2->chromadb==0.4.24->-r requirements.txt (line 1))\n","  Downloading python_multipart-0.0.9-py3-none-any.whl (22 kB)\n","Collecting ujson!=4.0.2,!=4.1.0,!=4.2.0,!=4.3.0,!=5.0.0,!=5.1.0,>=4.0.1 (from fastapi>=0.95.2->chromadb==0.4.24->-r requirements.txt (line 1))\n","  Downloading ujson-5.9.0-cp310-cp310-manylinux_2_17_x86_64.manylinux2014_x86_64.whl (53 kB)\n","\u001b[2K     \u001b[90m━━━━━━━━━━━━━━━━━━━━━━━━━━━━━━━━━━━━━━━━\u001b[0m \u001b[32m53.2/53.2 kB\u001b[0m \u001b[31m7.9 MB/s\u001b[0m eta \u001b[36m0:00:00\u001b[0m\n","\u001b[?25hCollecting email_validator>=2.0.0 (from fastapi>=0.95.2->chromadb==0.4.24->-r requirements.txt (line 1))\n","  Downloading email_validator-2.1.1-py3-none-any.whl (30 kB)\n","Requirement already satisfied: six in /usr/local/lib/python3.10/dist-packages (from fire>=0.4.0->deepface==0.0.89->-r requirements.txt (line 3)) (1.16.0)\n","Requirement already satisfied: termcolor in /usr/local/lib/python3.10/dist-packages (from fire>=0.4.0->deepface==0.0.89->-r requirements.txt (line 3)) (2.4.0)\n","Requirement already satisfied: Werkzeug>=2.2.2 in /usr/local/lib/python3.10/dist-packages (from Flask>=1.1.2->deepface==0.0.89->-r requirements.txt (line 3)) (3.0.2)\n","Requirement already satisfied: itsdangerous>=2.0 in /usr/local/lib/python3.10/dist-packages (from Flask>=1.1.2->deepface==0.0.89->-r requirements.txt (line 3)) (2.2.0)\n","Requirement already satisfied: beautifulsoup4 in /usr/local/lib/python3.10/dist-packages (from gdown>=3.10.1->deepface==0.0.89->-r requirements.txt (line 3)) (4.12.3)\n","Requirement already satisfied: filelock in /usr/local/lib/python3.10/dist-packages (from gdown>=3.10.1->deepface==0.0.89->-r requirements.txt (line 3)) (3.14.0)\n","Collecting gitdb<5,>=4.0.1 (from gitpython!=3.1.19,<4,>=3.0.7->streamlit==1.33.0->-r requirements.txt (line 11))\n","  Downloading gitdb-4.0.11-py3-none-any.whl (62 kB)\n","\u001b[2K     \u001b[90m━━━━━━━━━━━━━━━━━━━━━━━━━━━━━━━━━━━━━━━━\u001b[0m \u001b[32m62.7/62.7 kB\u001b[0m \u001b[31m8.8 MB/s\u001b[0m eta \u001b[36m0:00:00\u001b[0m\n","\u001b[?25hRequirement already satisfied: certifi>=14.05.14 in /usr/local/lib/python3.10/dist-packages (from kubernetes>=28.1.0->chromadb==0.4.24->-r requirements.txt (line 1)) (2024.2.2)\n","Requirement already satisfied: python-dateutil>=2.5.3 in /usr/local/lib/python3.10/dist-packages (from kubernetes>=28.1.0->chromadb==0.4.24->-r requirements.txt (line 1)) (2.8.2)\n","Requirement already satisfied: google-auth>=1.0.1 in /usr/local/lib/python3.10/dist-packages (from kubernetes>=28.1.0->chromadb==0.4.24->-r requirements.txt (line 1)) (2.27.0)\n","Requirement already satisfied: websocket-client!=0.40.0,!=0.41.*,!=0.42.*,>=0.32.0 in /usr/local/lib/python3.10/dist-packages (from kubernetes>=28.1.0->chromadb==0.4.24->-r requirements.txt (line 1)) (1.8.0)\n","Requirement already satisfied: requests-oauthlib in /usr/local/lib/python3.10/dist-packages (from kubernetes>=28.1.0->chromadb==0.4.24->-r requirements.txt (line 1)) (1.3.1)\n","Requirement already satisfied: oauthlib>=3.2.2 in /usr/local/lib/python3.10/dist-packages (from kubernetes>=28.1.0->chromadb==0.4.24->-r requirements.txt (line 1)) (3.2.2)\n","Requirement already satisfied: urllib3>=1.24.2 in /usr/local/lib/python3.10/dist-packages (from kubernetes>=28.1.0->chromadb==0.4.24->-r requirements.txt (line 1)) (2.0.7)\n","Requirement already satisfied: contourpy>=1.0.1 in /usr/local/lib/python3.10/dist-packages (from matplotlib->filterpy==1.4.5->-r requirements.txt (line 6)) (1.2.1)\n","Requirement already satisfied: cycler>=0.10 in /usr/local/lib/python3.10/dist-packages (from matplotlib->filterpy==1.4.5->-r requirements.txt (line 6)) (0.12.1)\n","Requirement already satisfied: fonttools>=4.22.0 in /usr/local/lib/python3.10/dist-packages (from matplotlib->filterpy==1.4.5->-r requirements.txt (line 6)) (4.51.0)\n","Requirement already satisfied: kiwisolver>=1.0.1 in /usr/local/lib/python3.10/dist-packages (from matplotlib->filterpy==1.4.5->-r requirements.txt (line 6)) (1.4.5)\n","Requirement already satisfied: pyparsing>=2.3.1 in /usr/local/lib/python3.10/dist-packages (from matplotlib->filterpy==1.4.5->-r requirements.txt (line 6)) (3.1.2)\n","Collecting coloredlogs (from onnxruntime>=1.14.1->chromadb==0.4.24->-r requirements.txt (line 1))\n","  Downloading coloredlogs-15.0.1-py2.py3-none-any.whl (46 kB)\n","\u001b[2K     \u001b[90m━━━━━━━━━━━━━━━━━━━━━━━━━━━━━━━━━━━━━━━━\u001b[0m \u001b[32m46.0/46.0 kB\u001b[0m \u001b[31m6.4 MB/s\u001b[0m eta \u001b[36m0:00:00\u001b[0m\n","\u001b[?25hRequirement already satisfied: flatbuffers in /usr/local/lib/python3.10/dist-packages (from onnxruntime>=1.14.1->chromadb==0.4.24->-r requirements.txt (line 1)) (24.3.25)\n","Requirement already satisfied: sympy in /usr/local/lib/python3.10/dist-packages (from onnxruntime>=1.14.1->chromadb==0.4.24->-r requirements.txt (line 1)) (1.12)\n","Collecting deprecated>=1.2.6 (from opentelemetry-api>=1.2.0->chromadb==0.4.24->-r requirements.txt (line 1))\n","  Downloading Deprecated-1.2.14-py2.py3-none-any.whl (9.6 kB)\n","Collecting importlib-metadata<=7.0,>=6.0 (from opentelemetry-api>=1.2.0->chromadb==0.4.24->-r requirements.txt (line 1))\n","  Downloading importlib_metadata-7.0.0-py3-none-any.whl (23 kB)\n","Requirement already satisfied: googleapis-common-protos~=1.52 in /usr/local/lib/python3.10/dist-packages (from opentelemetry-exporter-otlp-proto-grpc>=1.2.0->chromadb==0.4.24->-r requirements.txt (line 1)) (1.63.0)\n","Collecting opentelemetry-exporter-otlp-proto-common==1.24.0 (from opentelemetry-exporter-otlp-proto-grpc>=1.2.0->chromadb==0.4.24->-r requirements.txt (line 1))\n","  Downloading opentelemetry_exporter_otlp_proto_common-1.24.0-py3-none-any.whl (17 kB)\n","Collecting opentelemetry-proto==1.24.0 (from opentelemetry-exporter-otlp-proto-grpc>=1.2.0->chromadb==0.4.24->-r requirements.txt (line 1))\n","  Downloading opentelemetry_proto-1.24.0-py3-none-any.whl (50 kB)\n","\u001b[2K     \u001b[90m━━━━━━━━━━━━━━━━━━━━━━━━━━━━━━━━━━━━━━━━\u001b[0m \u001b[32m50.8/50.8 kB\u001b[0m \u001b[31m7.2 MB/s\u001b[0m eta \u001b[36m0:00:00\u001b[0m\n","\u001b[?25hCollecting opentelemetry-instrumentation-asgi==0.45b0 (from opentelemetry-instrumentation-fastapi>=0.41b0->chromadb==0.4.24->-r requirements.txt (line 1))\n","  Downloading opentelemetry_instrumentation_asgi-0.45b0-py3-none-any.whl (14 kB)\n","Collecting opentelemetry-instrumentation==0.45b0 (from opentelemetry-instrumentation-fastapi>=0.41b0->chromadb==0.4.24->-r requirements.txt (line 1))\n","  Downloading opentelemetry_instrumentation-0.45b0-py3-none-any.whl (28 kB)\n","Collecting opentelemetry-semantic-conventions==0.45b0 (from opentelemetry-instrumentation-fastapi>=0.41b0->chromadb==0.4.24->-r requirements.txt (line 1))\n","  Downloading opentelemetry_semantic_conventions-0.45b0-py3-none-any.whl (36 kB)\n","Collecting opentelemetry-util-http==0.45b0 (from opentelemetry-instrumentation-fastapi>=0.41b0->chromadb==0.4.24->-r requirements.txt (line 1))\n","  Downloading opentelemetry_util_http-0.45b0-py3-none-any.whl (6.9 kB)\n","Requirement already satisfied: setuptools>=16.0 in /usr/local/lib/python3.10/dist-packages (from opentelemetry-instrumentation==0.45b0->opentelemetry-instrumentation-fastapi>=0.41b0->chromadb==0.4.24->-r requirements.txt (line 1)) (67.7.2)\n","Requirement already satisfied: wrapt<2.0.0,>=1.0.0 in /usr/local/lib/python3.10/dist-packages (from opentelemetry-instrumentation==0.45b0->opentelemetry-instrumentation-fastapi>=0.41b0->chromadb==0.4.24->-r requirements.txt (line 1)) (1.14.1)\n","Collecting asgiref~=3.0 (from opentelemetry-instrumentation-asgi==0.45b0->opentelemetry-instrumentation-fastapi>=0.41b0->chromadb==0.4.24->-r requirements.txt (line 1))\n","  Downloading asgiref-3.8.1-py3-none-any.whl (23 kB)\n","Requirement already satisfied: pytz>=2020.1 in /usr/local/lib/python3.10/dist-packages (from pandas>=0.23.4->deepface==0.0.89->-r requirements.txt (line 3)) (2023.4)\n","Requirement already satisfied: tzdata>=2022.1 in /usr/local/lib/python3.10/dist-packages (from pandas>=0.23.4->deepface==0.0.89->-r requirements.txt (line 3)) (2024.1)\n","Collecting monotonic>=1.5 (from posthog>=2.4.0->chromadb==0.4.24->-r requirements.txt (line 1))\n","  Downloading monotonic-1.6-py2.py3-none-any.whl (8.2 kB)\n","Collecting backoff>=1.10.0 (from posthog>=2.4.0->chromadb==0.4.24->-r requirements.txt (line 1))\n","  Downloading backoff-2.2.1-py3-none-any.whl (15 kB)\n","Requirement already satisfied: annotated-types>=0.4.0 in /usr/local/lib/python3.10/dist-packages (from pydantic>=1.9->chromadb==0.4.24->-r requirements.txt (line 1)) (0.6.0)\n","Requirement already satisfied: pydantic-core==2.18.2 in /usr/local/lib/python3.10/dist-packages (from pydantic>=1.9->chromadb==0.4.24->-r requirements.txt (line 1)) (2.18.2)\n","Requirement already satisfied: charset-normalizer<4,>=2 in /usr/local/lib/python3.10/dist-packages (from requests>=2.28->chromadb==0.4.24->-r requirements.txt (line 1)) (3.3.2)\n","Requirement already satisfied: idna<4,>=2.5 in /usr/local/lib/python3.10/dist-packages (from requests>=2.28->chromadb==0.4.24->-r requirements.txt (line 1)) (3.7)\n","Requirement already satisfied: markdown-it-py>=2.2.0 in /usr/local/lib/python3.10/dist-packages (from rich<14,>=10.14.0->streamlit==1.33.0->-r requirements.txt (line 11)) (3.0.0)\n","Requirement already satisfied: pygments<3.0.0,>=2.13.0 in /usr/local/lib/python3.10/dist-packages (from rich<14,>=10.14.0->streamlit==1.33.0->-r requirements.txt (line 11)) (2.16.1)\n","Requirement already satisfied: absl-py>=1.0.0 in /usr/local/lib/python3.10/dist-packages (from tensorflow>=1.9.0->deepface==0.0.89->-r requirements.txt (line 3)) (1.4.0)\n","Requirement already satisfied: astunparse>=1.6.0 in /usr/local/lib/python3.10/dist-packages (from tensorflow>=1.9.0->deepface==0.0.89->-r requirements.txt (line 3)) (1.6.3)\n","Requirement already satisfied: gast!=0.5.0,!=0.5.1,!=0.5.2,>=0.2.1 in /usr/local/lib/python3.10/dist-packages (from tensorflow>=1.9.0->deepface==0.0.89->-r requirements.txt (line 3)) (0.5.4)\n","Requirement already satisfied: google-pasta>=0.1.1 in /usr/local/lib/python3.10/dist-packages (from tensorflow>=1.9.0->deepface==0.0.89->-r requirements.txt (line 3)) (0.2.0)\n","Collecting h5py>=3.10.0 (from tensorflow>=1.9.0->deepface==0.0.89->-r requirements.txt (line 3))\n","  Downloading h5py-3.11.0-cp310-cp310-manylinux_2_17_x86_64.manylinux2014_x86_64.whl (5.3 MB)\n","\u001b[2K     \u001b[90m━━━━━━━━━━━━━━━━━━━━━━━━━━━━━━━━━━━━━━━━\u001b[0m \u001b[32m5.3/5.3 MB\u001b[0m \u001b[31m36.6 MB/s\u001b[0m eta \u001b[36m0:00:00\u001b[0m\n","\u001b[?25hRequirement already satisfied: libclang>=13.0.0 in /usr/local/lib/python3.10/dist-packages (from tensorflow>=1.9.0->deepface==0.0.89->-r requirements.txt (line 3)) (18.1.1)\n","Collecting ml-dtypes~=0.3.1 (from tensorflow>=1.9.0->deepface==0.0.89->-r requirements.txt (line 3))\n","  Downloading ml_dtypes-0.3.2-cp310-cp310-manylinux_2_17_x86_64.manylinux2014_x86_64.whl (2.2 MB)\n","\u001b[2K     \u001b[90m━━━━━━━━━━━━━━━━━━━━━━━━━━━━━━━━━━━━━━━━\u001b[0m \u001b[32m2.2/2.2 MB\u001b[0m \u001b[31m30.9 MB/s\u001b[0m eta \u001b[36m0:00:00\u001b[0m\n","\u001b[?25hRequirement already satisfied: opt-einsum>=2.3.2 in /usr/local/lib/python3.10/dist-packages (from tensorflow>=1.9.0->deepface==0.0.89->-r requirements.txt (line 3)) (3.3.0)\n","Collecting tensorboard<2.17,>=2.16 (from tensorflow>=1.9.0->deepface==0.0.89->-r requirements.txt (line 3))\n","  Downloading tensorboard-2.16.2-py3-none-any.whl (5.5 MB)\n","\u001b[2K     \u001b[90m━━━━━━━━━━━━━━━━━━━━━━━━━━━━━━━━━━━━━━━━\u001b[0m \u001b[32m5.5/5.5 MB\u001b[0m \u001b[31m34.7 MB/s\u001b[0m eta \u001b[36m0:00:00\u001b[0m\n","\u001b[?25hCollecting keras>=2.2.0 (from deepface==0.0.89->-r requirements.txt (line 3))\n","  Downloading keras-3.3.3-py3-none-any.whl (1.1 MB)\n","\u001b[2K     \u001b[90m━━━━━━━━━━━━━━━━━━━━━━━━━━━━━━━━━━━━━━━━\u001b[0m \u001b[32m1.1/1.1 MB\u001b[0m \u001b[31m37.7 MB/s\u001b[0m eta \u001b[36m0:00:00\u001b[0m\n","\u001b[?25hRequirement already satisfied: tensorflow-io-gcs-filesystem>=0.23.1 in /usr/local/lib/python3.10/dist-packages (from tensorflow>=1.9.0->deepface==0.0.89->-r requirements.txt (line 3)) (0.37.0)\n","Collecting namex (from keras>=2.2.0->deepface==0.0.89->-r requirements.txt (line 3))\n","  Downloading namex-0.0.8-py3-none-any.whl (5.8 kB)\n","Collecting optree (from keras>=2.2.0->deepface==0.0.89->-r requirements.txt (line 3))\n","  Downloading optree-0.11.0-cp310-cp310-manylinux_2_17_x86_64.manylinux2014_x86_64.whl (311 kB)\n","\u001b[2K     \u001b[90m━━━━━━━━━━━━━━━━━━━━━━━━━━━━━━━━━━━━━━━━\u001b[0m \u001b[32m311.2/311.2 kB\u001b[0m \u001b[31m17.8 MB/s\u001b[0m eta \u001b[36m0:00:00\u001b[0m\n","\u001b[?25hRequirement already satisfied: huggingface-hub<1.0,>=0.16.4 in /usr/local/lib/python3.10/dist-packages (from tokenizers>=0.13.2->chromadb==0.4.24->-r requirements.txt (line 1)) (0.20.3)\n","Requirement already satisfied: fsspec in /usr/local/lib/python3.10/dist-packages (from torch>=1.8.0->ultralytics==8.1.40->-r requirements.txt (line 13)) (2023.6.0)\n","Collecting nvidia-cuda-nvrtc-cu12==12.1.105 (from torch>=1.8.0->ultralytics==8.1.40->-r requirements.txt (line 13))\n","  Using cached nvidia_cuda_nvrtc_cu12-12.1.105-py3-none-manylinux1_x86_64.whl (23.7 MB)\n","Collecting nvidia-cuda-runtime-cu12==12.1.105 (from torch>=1.8.0->ultralytics==8.1.40->-r requirements.txt (line 13))\n","  Using cached nvidia_cuda_runtime_cu12-12.1.105-py3-none-manylinux1_x86_64.whl (823 kB)\n","Collecting nvidia-cuda-cupti-cu12==12.1.105 (from torch>=1.8.0->ultralytics==8.1.40->-r requirements.txt (line 13))\n","  Using cached nvidia_cuda_cupti_cu12-12.1.105-py3-none-manylinux1_x86_64.whl (14.1 MB)\n","Collecting nvidia-cudnn-cu12==8.9.2.26 (from torch>=1.8.0->ultralytics==8.1.40->-r requirements.txt (line 13))\n","  Using cached nvidia_cudnn_cu12-8.9.2.26-py3-none-manylinux1_x86_64.whl (731.7 MB)\n","Collecting nvidia-cublas-cu12==12.1.3.1 (from torch>=1.8.0->ultralytics==8.1.40->-r requirements.txt (line 13))\n","  Using cached nvidia_cublas_cu12-12.1.3.1-py3-none-manylinux1_x86_64.whl (410.6 MB)\n","Collecting nvidia-cufft-cu12==11.0.2.54 (from torch>=1.8.0->ultralytics==8.1.40->-r requirements.txt (line 13))\n","  Using cached nvidia_cufft_cu12-11.0.2.54-py3-none-manylinux1_x86_64.whl (121.6 MB)\n","Collecting nvidia-curand-cu12==10.3.2.106 (from torch>=1.8.0->ultralytics==8.1.40->-r requirements.txt (line 13))\n","  Using cached nvidia_curand_cu12-10.3.2.106-py3-none-manylinux1_x86_64.whl (56.5 MB)\n","Collecting nvidia-cusolver-cu12==11.4.5.107 (from torch>=1.8.0->ultralytics==8.1.40->-r requirements.txt (line 13))\n","  Using cached nvidia_cusolver_cu12-11.4.5.107-py3-none-manylinux1_x86_64.whl (124.2 MB)\n","Collecting nvidia-cusparse-cu12==12.1.0.106 (from torch>=1.8.0->ultralytics==8.1.40->-r requirements.txt (line 13))\n","  Using cached nvidia_cusparse_cu12-12.1.0.106-py3-none-manylinux1_x86_64.whl (196.0 MB)\n","Collecting nvidia-nccl-cu12==2.19.3 (from torch>=1.8.0->ultralytics==8.1.40->-r requirements.txt (line 13))\n","  Using cached nvidia_nccl_cu12-2.19.3-py3-none-manylinux1_x86_64.whl (166.0 MB)\n","Collecting nvidia-nvtx-cu12==12.1.105 (from torch>=1.8.0->ultralytics==8.1.40->-r requirements.txt (line 13))\n","  Using cached nvidia_nvtx_cu12-12.1.105-py3-none-manylinux1_x86_64.whl (99 kB)\n","Requirement already satisfied: triton==2.2.0 in /usr/local/lib/python3.10/dist-packages (from torch>=1.8.0->ultralytics==8.1.40->-r requirements.txt (line 13)) (2.2.0)\n","Collecting nvidia-nvjitlink-cu12 (from nvidia-cusolver-cu12==11.4.5.107->torch>=1.8.0->ultralytics==8.1.40->-r requirements.txt (line 13))\n","  Using cached nvidia_nvjitlink_cu12-12.4.127-py3-none-manylinux2014_x86_64.whl (21.1 MB)\n","Collecting h11>=0.8 (from uvicorn[standard]>=0.18.3->chromadb==0.4.24->-r requirements.txt (line 1))\n","  Downloading h11-0.14.0-py3-none-any.whl (58 kB)\n","\u001b[2K     \u001b[90m━━━━━━━━━━━━━━━━━━━━━━━━━━━━━━━━━━━━━━━━\u001b[0m \u001b[32m58.3/58.3 kB\u001b[0m \u001b[31m8.3 MB/s\u001b[0m eta \u001b[36m0:00:00\u001b[0m\n","\u001b[?25hCollecting httptools>=0.5.0 (from uvicorn[standard]>=0.18.3->chromadb==0.4.24->-r requirements.txt (line 1))\n","  Downloading httptools-0.6.1-cp310-cp310-manylinux_2_5_x86_64.manylinux1_x86_64.manylinux_2_17_x86_64.manylinux2014_x86_64.whl (341 kB)\n","\u001b[2K     \u001b[90m━━━━━━━━━━━━━━━━━━━━━━━━━━━━━━━━━━━━━━━━\u001b[0m \u001b[32m341.4/341.4 kB\u001b[0m \u001b[31m39.8 MB/s\u001b[0m eta \u001b[36m0:00:00\u001b[0m\n","\u001b[?25hCollecting python-dotenv>=0.13 (from uvicorn[standard]>=0.18.3->chromadb==0.4.24->-r requirements.txt (line 1))\n","  Downloading python_dotenv-1.0.1-py3-none-any.whl (19 kB)\n","Collecting uvloop!=0.15.0,!=0.15.1,>=0.14.0 (from uvicorn[standard]>=0.18.3->chromadb==0.4.24->-r requirements.txt (line 1))\n","  Downloading uvloop-0.19.0-cp310-cp310-manylinux_2_17_x86_64.manylinux2014_x86_64.whl (3.4 MB)\n","\u001b[2K     \u001b[90m━━━━━━━━━━━━━━━━━━━━━━━━━━━━━━━━━━━━━━━━\u001b[0m \u001b[32m3.4/3.4 MB\u001b[0m \u001b[31m98.1 MB/s\u001b[0m eta \u001b[36m0:00:00\u001b[0m\n","\u001b[?25hCollecting watchfiles>=0.13 (from uvicorn[standard]>=0.18.3->chromadb==0.4.24->-r requirements.txt (line 1))\n","  Downloading watchfiles-0.21.0-cp310-cp310-manylinux_2_17_x86_64.manylinux2014_x86_64.whl (1.3 MB)\n","\u001b[2K     \u001b[90m━━━━━━━━━━━━━━━━━━━━━━━━━━━━━━━━━━━━━━━━\u001b[0m \u001b[32m1.3/1.3 MB\u001b[0m \u001b[31m81.7 MB/s\u001b[0m eta \u001b[36m0:00:00\u001b[0m\n","\u001b[?25hCollecting websockets>=10.4 (from uvicorn[standard]>=0.18.3->chromadb==0.4.24->-r requirements.txt (line 1))\n","  Downloading websockets-12.0-cp310-cp310-manylinux_2_5_x86_64.manylinux1_x86_64.manylinux_2_17_x86_64.manylinux2014_x86_64.whl (130 kB)\n","\u001b[2K     \u001b[90m━━━━━━━━━━━━━━━━━━━━━━━━━━━━━━━━━━━━━━━━\u001b[0m \u001b[32m130.2/130.2 kB\u001b[0m \u001b[31m18.7 MB/s\u001b[0m eta \u001b[36m0:00:00\u001b[0m\n","\u001b[?25hRequirement already satisfied: wheel<1.0,>=0.23.0 in /usr/local/lib/python3.10/dist-packages (from astunparse>=1.6.0->tensorflow>=1.9.0->deepface==0.0.89->-r requirements.txt (line 3)) (0.43.0)\n","Collecting dnspython>=2.0.0 (from email_validator>=2.0.0->fastapi>=0.95.2->chromadb==0.4.24->-r requirements.txt (line 1))\n","  Downloading dnspython-2.6.1-py3-none-any.whl (307 kB)\n","\u001b[2K     \u001b[90m━━━━━━━━━━━━━━━━━━━━━━━━━━━━━━━━━━━━━━━━\u001b[0m \u001b[32m307.7/307.7 kB\u001b[0m \u001b[31m36.0 MB/s\u001b[0m eta \u001b[36m0:00:00\u001b[0m\n","\u001b[?25hCollecting typer>=0.9.0 (from chromadb==0.4.24->-r requirements.txt (line 1))\n","  Downloading typer-0.12.3-py3-none-any.whl (47 kB)\n","\u001b[2K     \u001b[90m━━━━━━━━━━━━━━━━━━━━━━━━━━━━━━━━━━━━━━━━\u001b[0m \u001b[32m47.2/47.2 kB\u001b[0m \u001b[31m7.4 MB/s\u001b[0m eta \u001b[36m0:00:00\u001b[0m\n","\u001b[?25hCollecting shellingham>=1.3.0 (from typer>=0.9.0->chromadb==0.4.24->-r requirements.txt (line 1))\n","  Downloading shellingham-1.5.4-py2.py3-none-any.whl (9.8 kB)\n","Collecting smmap<6,>=3.0.1 (from gitdb<5,>=4.0.1->gitpython!=3.1.19,<4,>=3.0.7->streamlit==1.33.0->-r requirements.txt (line 11))\n","  Downloading smmap-5.0.1-py3-none-any.whl (24 kB)\n","Requirement already satisfied: pyasn1-modules>=0.2.1 in /usr/local/lib/python3.10/dist-packages (from google-auth>=1.0.1->kubernetes>=28.1.0->chromadb==0.4.24->-r requirements.txt (line 1)) (0.4.0)\n","Requirement already satisfied: rsa<5,>=3.1.4 in /usr/local/lib/python3.10/dist-packages (from google-auth>=1.0.1->kubernetes>=28.1.0->chromadb==0.4.24->-r requirements.txt (line 1)) (4.9)\n","Requirement already satisfied: anyio in /usr/local/lib/python3.10/dist-packages (from httpx>=0.23.0->fastapi>=0.95.2->chromadb==0.4.24->-r requirements.txt (line 1)) (3.7.1)\n","Collecting httpcore==1.* (from httpx>=0.23.0->fastapi>=0.95.2->chromadb==0.4.24->-r requirements.txt (line 1))\n","  Downloading httpcore-1.0.5-py3-none-any.whl (77 kB)\n","\u001b[2K     \u001b[90m━━━━━━━━━━━━━━━━━━━━━━━━━━━━━━━━━━━━━━━━\u001b[0m \u001b[32m77.9/77.9 kB\u001b[0m \u001b[31m11.3 MB/s\u001b[0m eta \u001b[36m0:00:00\u001b[0m\n","\u001b[?25hRequirement already satisfied: sniffio in /usr/local/lib/python3.10/dist-packages (from httpx>=0.23.0->fastapi>=0.95.2->chromadb==0.4.24->-r requirements.txt (line 1)) (1.3.1)\n","Requirement already satisfied: zipp>=0.5 in /usr/local/lib/python3.10/dist-packages (from importlib-metadata<=7.0,>=6.0->opentelemetry-api>=1.2.0->chromadb==0.4.24->-r requirements.txt (line 1)) (3.18.1)\n","Requirement already satisfied: MarkupSafe>=2.0 in /usr/local/lib/python3.10/dist-packages (from jinja2->altair<6,>=4.0->streamlit==1.33.0->-r requirements.txt (line 11)) (2.1.5)\n","Requirement already satisfied: attrs>=22.2.0 in /usr/local/lib/python3.10/dist-packages (from jsonschema>=3.0->altair<6,>=4.0->streamlit==1.33.0->-r requirements.txt (line 11)) (23.2.0)\n","Requirement already satisfied: jsonschema-specifications>=2023.03.6 in /usr/local/lib/python3.10/dist-packages (from jsonschema>=3.0->altair<6,>=4.0->streamlit==1.33.0->-r requirements.txt (line 11)) (2023.12.1)\n","Requirement already satisfied: referencing>=0.28.4 in /usr/local/lib/python3.10/dist-packages (from jsonschema>=3.0->altair<6,>=4.0->streamlit==1.33.0->-r requirements.txt (line 11)) (0.35.0)\n","Requirement already satisfied: rpds-py>=0.7.1 in /usr/local/lib/python3.10/dist-packages (from jsonschema>=3.0->altair<6,>=4.0->streamlit==1.33.0->-r requirements.txt (line 11)) (0.18.0)\n","Requirement already satisfied: mdurl~=0.1 in /usr/local/lib/python3.10/dist-packages (from markdown-it-py>=2.2.0->rich<14,>=10.14.0->streamlit==1.33.0->-r requirements.txt (line 11)) (0.1.2)\n","Requirement already satisfied: markdown>=2.6.8 in /usr/local/lib/python3.10/dist-packages (from tensorboard<2.17,>=2.16->tensorflow>=1.9.0->deepface==0.0.89->-r requirements.txt (line 3)) (3.6)\n","Requirement already satisfied: tensorboard-data-server<0.8.0,>=0.7.0 in /usr/local/lib/python3.10/dist-packages (from tensorboard<2.17,>=2.16->tensorflow>=1.9.0->deepface==0.0.89->-r requirements.txt (line 3)) (0.7.2)\n","Requirement already satisfied: soupsieve>1.2 in /usr/local/lib/python3.10/dist-packages (from beautifulsoup4->gdown>=3.10.1->deepface==0.0.89->-r requirements.txt (line 3)) (2.5)\n","Collecting humanfriendly>=9.1 (from coloredlogs->onnxruntime>=1.14.1->chromadb==0.4.24->-r requirements.txt (line 1))\n","  Downloading humanfriendly-10.0-py2.py3-none-any.whl (86 kB)\n","\u001b[2K     \u001b[90m━━━━━━━━━━━━━━━━━━━━━━━━━━━━━━━━━━━━━━━━\u001b[0m \u001b[32m86.8/86.8 kB\u001b[0m \u001b[31m9.1 MB/s\u001b[0m eta \u001b[36m0:00:00\u001b[0m\n","\u001b[?25hRequirement already satisfied: PySocks!=1.5.7,>=1.5.6 in /usr/local/lib/python3.10/dist-packages (from requests>=2.28->chromadb==0.4.24->-r requirements.txt (line 1)) (1.7.1)\n","Requirement already satisfied: mpmath>=0.19 in /usr/local/lib/python3.10/dist-packages (from sympy->onnxruntime>=1.14.1->chromadb==0.4.24->-r requirements.txt (line 1)) (1.3.0)\n","Requirement already satisfied: exceptiongroup in /usr/local/lib/python3.10/dist-packages (from anyio->httpx>=0.23.0->fastapi>=0.95.2->chromadb==0.4.24->-r requirements.txt (line 1)) (1.2.1)\n","Requirement already satisfied: pyasn1<0.7.0,>=0.4.6 in /usr/local/lib/python3.10/dist-packages (from pyasn1-modules>=0.2.1->google-auth>=1.0.1->kubernetes>=28.1.0->chromadb==0.4.24->-r requirements.txt (line 1)) (0.6.0)\n","Building wheels for collected packages: cvzone, filterpy, fire, pypika\n","  Building wheel for cvzone (setup.py) ... \u001b[?25l\u001b[?25hdone\n","  Created wheel for cvzone: filename=cvzone-1.6.1-py3-none-any.whl size=26297 sha256=7fb6aea15034aebfbefeb0459dbb46ec7131131eef73c265bf5a3f43dd1ef7cb\n","  Stored in directory: /root/.cache/pip/wheels/2c/9f/b3/92e945ac4a71bf727a92463f38155cc5a4fa49c5010b38ec4c\n","  Building wheel for filterpy (setup.py) ... \u001b[?25l\u001b[?25hdone\n","  Created wheel for filterpy: filename=filterpy-1.4.5-py3-none-any.whl size=110458 sha256=6c7f44aa7992260eab7a626a6e1771e58369561635559cacf9e688a28c737e68\n","  Stored in directory: /root/.cache/pip/wheels/0f/0c/ea/218f266af4ad626897562199fbbcba521b8497303200186102\n","  Building wheel for fire (setup.py) ... \u001b[?25l\u001b[?25hdone\n","  Created wheel for fire: filename=fire-0.6.0-py2.py3-none-any.whl size=117029 sha256=5418bae1ea18d874515ce083e653fb47adf1cb7e2298a8ebc35512ff8ec201b0\n","  Stored in directory: /root/.cache/pip/wheels/d6/6d/5d/5b73fa0f46d01a793713f8859201361e9e581ced8c75e5c6a3\n","  Building wheel for pypika (pyproject.toml) ... \u001b[?25l\u001b[?25hdone\n","  Created wheel for pypika: filename=PyPika-0.48.9-py2.py3-none-any.whl size=53724 sha256=766861c44c4e172012dc494153662dab5f9f54708d946865817de93c8b8209b1\n","  Stored in directory: /root/.cache/pip/wheels/e1/26/51/d0bffb3d2fd82256676d7ad3003faea3bd6dddc9577af665f4\n","Successfully built cvzone filterpy fire pypika\n","Installing collected packages: pypika, namex, monotonic, mmh3, websockets, watchdog, uvloop, ujson, smmap, shellingham, scipy, python-multipart, python-dotenv, pulsar-client, overrides, orjson, optree, opentelemetry-util-http, opentelemetry-semantic-conventions, opentelemetry-proto, opencv-python, nvidia-nvtx-cu12, nvidia-nvjitlink-cu12, nvidia-nccl-cu12, nvidia-curand-cu12, nvidia-cufft-cu12, nvidia-cuda-runtime-cu12, nvidia-cuda-nvrtc-cu12, nvidia-cuda-cupti-cu12, nvidia-cublas-cu12, ml-dtypes, lapx, importlib-metadata, imageio, humanfriendly, httptools, h5py, h11, gunicorn, fire, dnspython, deprecated, chroma-hnswlib, bcrypt, backoff, asgiref, watchfiles, uvicorn, tensorboard, starlette, scikit-learn, scikit-image, pydeck, posthog, opentelemetry-exporter-otlp-proto-common, opentelemetry-api, nvidia-cusparse-cu12, nvidia-cudnn-cu12, httpcore, gitdb, email_validator, cvzone, coloredlogs, typer, opentelemetry-sdk, opentelemetry-instrumentation, onnxruntime, nvidia-cusolver-cu12, kubernetes, keras, httpx, gitpython, filterpy, tensorflow, opentelemetry-instrumentation-asgi, opentelemetry-exporter-otlp-proto-grpc, mtcnn, thop, tf_keras, streamlit, retina-face, opentelemetry-instrumentation-fastapi, ultralytics, facenet-pytorch, deepface, fastapi-cli, fastapi, chromadb\n","  Attempting uninstall: scipy\n","    Found existing installation: scipy 1.11.4\n","    Uninstalling scipy-1.11.4:\n","      Successfully uninstalled scipy-1.11.4\n","  Attempting uninstall: opencv-python\n","    Found existing installation: opencv-python 4.8.0.76\n","    Uninstalling opencv-python-4.8.0.76:\n","      Successfully uninstalled opencv-python-4.8.0.76\n","  Attempting uninstall: ml-dtypes\n","    Found existing installation: ml-dtypes 0.2.0\n","    Uninstalling ml-dtypes-0.2.0:\n","      Successfully uninstalled ml-dtypes-0.2.0\n","  Attempting uninstall: importlib-metadata\n","    Found existing installation: importlib_metadata 7.1.0\n","    Uninstalling importlib_metadata-7.1.0:\n","      Successfully uninstalled importlib_metadata-7.1.0\n","  Attempting uninstall: imageio\n","    Found existing installation: imageio 2.31.6\n","    Uninstalling imageio-2.31.6:\n","      Successfully uninstalled imageio-2.31.6\n","  Attempting uninstall: h5py\n","    Found existing installation: h5py 3.9.0\n","    Uninstalling h5py-3.9.0:\n","      Successfully uninstalled h5py-3.9.0\n","  Attempting uninstall: tensorboard\n","    Found existing installation: tensorboard 2.15.2\n","    Uninstalling tensorboard-2.15.2:\n","      Successfully uninstalled tensorboard-2.15.2\n","  Attempting uninstall: scikit-learn\n","    Found existing installation: scikit-learn 1.2.2\n","    Uninstalling scikit-learn-1.2.2:\n","      Successfully uninstalled scikit-learn-1.2.2\n","  Attempting uninstall: scikit-image\n","    Found existing installation: scikit-image 0.19.3\n","    Uninstalling scikit-image-0.19.3:\n","      Successfully uninstalled scikit-image-0.19.3\n","  Attempting uninstall: typer\n","    Found existing installation: typer 0.9.4\n","    Uninstalling typer-0.9.4:\n","      Successfully uninstalled typer-0.9.4\n","  Attempting uninstall: keras\n","    Found existing installation: keras 2.15.0\n","    Uninstalling keras-2.15.0:\n","      Successfully uninstalled keras-2.15.0\n","  Attempting uninstall: tensorflow\n","    Found existing installation: tensorflow 2.15.0\n","    Uninstalling tensorflow-2.15.0:\n","      Successfully uninstalled tensorflow-2.15.0\n","  Attempting uninstall: tf_keras\n","    Found existing installation: tf_keras 2.15.1\n","    Uninstalling tf_keras-2.15.1:\n","      Successfully uninstalled tf_keras-2.15.1\n","\u001b[31mERROR: pip's dependency resolver does not currently take into account all the packages that are installed. This behaviour is the source of the following dependency conflicts.\n","spacy 3.7.4 requires typer<0.10.0,>=0.3.0, but you have typer 0.12.3 which is incompatible.\n","weasel 0.3.4 requires typer<0.10.0,>=0.3.0, but you have typer 0.12.3 which is incompatible.\u001b[0m\u001b[31m\n","\u001b[0mSuccessfully installed asgiref-3.8.1 backoff-2.2.1 bcrypt-4.1.3 chroma-hnswlib-0.7.3 chromadb-0.4.24 coloredlogs-15.0.1 cvzone-1.6.1 deepface-0.0.89 deprecated-1.2.14 dnspython-2.6.1 email_validator-2.1.1 facenet-pytorch-2.5.3 fastapi-0.111.0 fastapi-cli-0.0.2 filterpy-1.4.5 fire-0.6.0 gitdb-4.0.11 gitpython-3.1.43 gunicorn-22.0.0 h11-0.14.0 h5py-3.11.0 httpcore-1.0.5 httptools-0.6.1 httpx-0.27.0 humanfriendly-10.0 imageio-2.34.1 importlib-metadata-7.0.0 keras-3.3.3 kubernetes-29.0.0 lapx-0.5.7 ml-dtypes-0.3.2 mmh3-4.1.0 monotonic-1.6 mtcnn-0.1.1 namex-0.0.8 nvidia-cublas-cu12-12.1.3.1 nvidia-cuda-cupti-cu12-12.1.105 nvidia-cuda-nvrtc-cu12-12.1.105 nvidia-cuda-runtime-cu12-12.1.105 nvidia-cudnn-cu12-8.9.2.26 nvidia-cufft-cu12-11.0.2.54 nvidia-curand-cu12-10.3.2.106 nvidia-cusolver-cu12-11.4.5.107 nvidia-cusparse-cu12-12.1.0.106 nvidia-nccl-cu12-2.19.3 nvidia-nvjitlink-cu12-12.4.127 nvidia-nvtx-cu12-12.1.105 onnxruntime-1.17.3 opencv-python-4.9.0.80 opentelemetry-api-1.24.0 opentelemetry-exporter-otlp-proto-common-1.24.0 opentelemetry-exporter-otlp-proto-grpc-1.24.0 opentelemetry-instrumentation-0.45b0 opentelemetry-instrumentation-asgi-0.45b0 opentelemetry-instrumentation-fastapi-0.45b0 opentelemetry-proto-1.24.0 opentelemetry-sdk-1.24.0 opentelemetry-semantic-conventions-0.45b0 opentelemetry-util-http-0.45b0 optree-0.11.0 orjson-3.10.3 overrides-7.7.0 posthog-3.5.0 pulsar-client-3.5.0 pydeck-0.9.0 pypika-0.48.9 python-dotenv-1.0.1 python-multipart-0.0.9 retina-face-0.0.17 scikit-image-0.23.2 scikit-learn-1.4.2 scipy-1.13.0 shellingham-1.5.4 smmap-5.0.1 starlette-0.37.2 streamlit-1.33.0 tensorboard-2.16.2 tensorflow-2.16.1 tf_keras-2.16.0 thop-0.1.1.post2209072238 typer-0.12.3 ujson-5.9.0 ultralytics-8.1.40 uvicorn-0.29.0 uvloop-0.19.0 watchdog-4.0.0 watchfiles-0.21.0 websockets-12.0\n"]}]},{"cell_type":"code","source":["!pip uninstall matplotlib -y\n","!pip install matplotlib==3.0.1"],"metadata":{"colab":{"base_uri":"https://localhost:8080/","height":602},"id":"5ZN4LFmW1WBR","executionInfo":{"status":"ok","timestamp":1715098387489,"user_tz":-330,"elapsed":90593,"user":{"displayName":"Divyaant Kumar Jain","userId":"17029113749924499770"}},"outputId":"9199275c-7ffa-4f73-afb8-0f679a735be5"},"execution_count":5,"outputs":[{"output_type":"stream","name":"stdout","text":["Found existing installation: matplotlib 3.7.1\n","Uninstalling matplotlib-3.7.1:\n","  Successfully uninstalled matplotlib-3.7.1\n","Collecting matplotlib==3.0.1\n","  Downloading matplotlib-3.0.1.tar.gz (36.5 MB)\n","\u001b[2K     \u001b[90m━━━━━━━━━━━━━━━━━━━━━━━━━━━━━━━━━━━━━━━━\u001b[0m \u001b[32m36.5/36.5 MB\u001b[0m \u001b[31m20.3 MB/s\u001b[0m eta \u001b[36m0:00:00\u001b[0m\n","\u001b[?25h  Preparing metadata (setup.py) ... \u001b[?25l\u001b[?25hdone\n","Requirement already satisfied: numpy>=1.10.0 in /usr/local/lib/python3.10/dist-packages (from matplotlib==3.0.1) (1.25.2)\n","Requirement already satisfied: cycler>=0.10 in /usr/local/lib/python3.10/dist-packages (from matplotlib==3.0.1) (0.12.1)\n","Requirement already satisfied: kiwisolver>=1.0.1 in /usr/local/lib/python3.10/dist-packages (from matplotlib==3.0.1) (1.4.5)\n","Requirement already satisfied: pyparsing!=2.0.4,!=2.1.2,!=2.1.6,>=2.0.1 in /usr/local/lib/python3.10/dist-packages (from matplotlib==3.0.1) (3.1.2)\n","Requirement already satisfied: python-dateutil>=2.1 in /usr/local/lib/python3.10/dist-packages (from matplotlib==3.0.1) (2.8.2)\n","Requirement already satisfied: six>=1.5 in /usr/local/lib/python3.10/dist-packages (from python-dateutil>=2.1->matplotlib==3.0.1) (1.16.0)\n","Building wheels for collected packages: matplotlib\n","  Building wheel for matplotlib (setup.py) ... \u001b[?25l\u001b[?25hdone\n","  Created wheel for matplotlib: filename=matplotlib-3.0.1-cp310-cp310-linux_x86_64.whl size=11584032 sha256=7706ecadd522b604c4176734f6f4258380b14450cfabf02a57750712229445f8\n","  Stored in directory: /root/.cache/pip/wheels/05/a9/b3/71db1e7dc43030363e251a6fad9b36d7e29c7da8d9255ab7f9\n","Successfully built matplotlib\n","Installing collected packages: matplotlib\n","\u001b[31mERROR: pip's dependency resolver does not currently take into account all the packages that are installed. This behaviour is the source of the following dependency conflicts.\n","arviz 0.15.1 requires matplotlib>=3.2, but you have matplotlib 3.0.1 which is incompatible.\n","bigframes 1.4.0 requires matplotlib>=3.7.1, but you have matplotlib 3.0.1 which is incompatible.\n","mizani 0.9.3 requires matplotlib>=3.5.0, but you have matplotlib 3.0.1 which is incompatible.\n","plotnine 0.12.4 requires matplotlib>=3.6.0, but you have matplotlib 3.0.1 which is incompatible.\n","seaborn 0.13.1 requires matplotlib!=3.6.1,>=3.4, but you have matplotlib 3.0.1 which is incompatible.\n","ultralytics 8.1.40 requires matplotlib>=3.3.0, but you have matplotlib 3.0.1 which is incompatible.\u001b[0m\u001b[31m\n","\u001b[0mSuccessfully installed matplotlib-3.0.1\n"]},{"output_type":"display_data","data":{"application/vnd.colab-display-data+json":{"pip_warning":{"packages":["matplotlib","mpl_toolkits"]},"id":"de897b23b80f473db21bc0b3a611a234"}},"metadata":{}}]},{"cell_type":"code","source":["!wget -q -O - ipv4.icanhazip.com"],"metadata":{"colab":{"base_uri":"https://localhost:8080/"},"id":"p_gkUgjGUUaV","executionInfo":{"status":"ok","timestamp":1714871295711,"user_tz":-330,"elapsed":619,"user":{"displayName":"Divyaant Kumar Jain","userId":"17029113749924499770"}},"outputId":"ff085397-bd83-4559-9816-a41ef13f5ae7"},"execution_count":null,"outputs":[{"output_type":"stream","name":"stdout","text":["35.233.220.155\n"]}]},{"cell_type":"code","source":["!pip install streamlit-extras"],"metadata":{"colab":{"base_uri":"https://localhost:8080/"},"id":"nW-sYtJv1VXh","executionInfo":{"status":"ok","timestamp":1715098493263,"user_tz":-330,"elapsed":9952,"user":{"displayName":"Divyaant Kumar Jain","userId":"17029113749924499770"}},"outputId":"df51cda7-ed58-4fdf-b344-4ffe391441df"},"execution_count":3,"outputs":[{"output_type":"stream","name":"stdout","text":["Collecting streamlit-extras\n","  Downloading streamlit_extras-0.4.2-py3-none-any.whl (70 kB)\n","\u001b[?25l     \u001b[90m━━━━━━━━━━━━━━━━━━━━━━━━━━━━━━━━━━━━━━━━\u001b[0m \u001b[32m0.0/70.5 kB\u001b[0m \u001b[31m?\u001b[0m eta \u001b[36m-:--:--\u001b[0m\r\u001b[2K     \u001b[90m━━━━━━━━━━━━━━━━━━━━━━━━━━━━━━━━━━━━━━━━\u001b[0m \u001b[32m70.5/70.5 kB\u001b[0m \u001b[31m2.5 MB/s\u001b[0m eta \u001b[36m0:00:00\u001b[0m\n","\u001b[?25hRequirement already satisfied: entrypoints>=0.4 in /usr/local/lib/python3.10/dist-packages (from streamlit-extras) (0.4)\n","Collecting htbuilder>=0.6.2 (from streamlit-extras)\n","  Downloading htbuilder-0.6.2-py3-none-any.whl (12 kB)\n","Collecting markdownlit>=0.0.5 (from streamlit-extras)\n","  Downloading markdownlit-0.0.7-py3-none-any.whl (15 kB)\n","Requirement already satisfied: prometheus-client>=0.14.0 in /usr/local/lib/python3.10/dist-packages (from streamlit-extras) (0.20.0)\n","Requirement already satisfied: protobuf!=3.20.2 in /usr/local/lib/python3.10/dist-packages (from streamlit-extras) (3.20.3)\n","Collecting st-annotated-text>=3.0.0 (from streamlit-extras)\n","  Downloading st_annotated_text-4.0.1-py3-none-any.whl (9.0 kB)\n","Requirement already satisfied: streamlit>=1.0.0 in /usr/local/lib/python3.10/dist-packages (from streamlit-extras) (1.33.0)\n","Collecting streamlit-camera-input-live>=0.2.0 (from streamlit-extras)\n","  Downloading streamlit_camera_input_live-0.2.0-py3-none-any.whl (6.6 kB)\n","Collecting streamlit-card>=0.0.4 (from streamlit-extras)\n","  Downloading streamlit_card-1.0.0-py3-none-any.whl (680 kB)\n","\u001b[2K     \u001b[90m━━━━━━━━━━━━━━━━━━━━━━━━━━━━━━━━━━━━━━━━\u001b[0m \u001b[32m680.8/680.8 kB\u001b[0m \u001b[31m44.5 MB/s\u001b[0m eta \u001b[36m0:00:00\u001b[0m\n","\u001b[?25hCollecting streamlit-embedcode>=0.1.2 (from streamlit-extras)\n","  Downloading streamlit_embedcode-0.1.2-py3-none-any.whl (3.5 kB)\n","Collecting streamlit-faker>=0.0.2 (from streamlit-extras)\n","  Downloading streamlit_faker-0.0.3-py3-none-any.whl (14 kB)\n","Collecting streamlit-image-coordinates<0.2.0,>=0.1.1 (from streamlit-extras)\n","  Downloading streamlit_image_coordinates-0.1.6-py3-none-any.whl (6.3 kB)\n","Collecting streamlit-keyup>=0.1.9 (from streamlit-extras)\n","  Downloading streamlit_keyup-0.2.4-py3-none-any.whl (7.4 kB)\n","Collecting streamlit-toggle-switch>=1.0.2 (from streamlit-extras)\n","  Downloading streamlit_toggle_switch-1.0.2-py3-none-any.whl (635 kB)\n","\u001b[2K     \u001b[90m━━━━━━━━━━━━━━━━━━━━━━━━━━━━━━━━━━━━━━━━\u001b[0m \u001b[32m635.4/635.4 kB\u001b[0m \u001b[31m58.1 MB/s\u001b[0m eta \u001b[36m0:00:00\u001b[0m\n","\u001b[?25hCollecting streamlit-vertical-slider>=2.5.5 (from streamlit-extras)\n","  Downloading streamlit_vertical_slider-2.5.5-py3-none-any.whl (1.8 MB)\n","\u001b[2K     \u001b[90m━━━━━━━━━━━━━━━━━━━━━━━━━━━━━━━━━━━━━━━━\u001b[0m \u001b[32m1.8/1.8 MB\u001b[0m \u001b[31m73.0 MB/s\u001b[0m eta \u001b[36m0:00:00\u001b[0m\n","\u001b[?25hCollecting validators>=0.20.0 (from streamlit-extras)\n","  Downloading validators-0.28.1-py3-none-any.whl (39 kB)\n","Requirement already satisfied: more-itertools in /usr/local/lib/python3.10/dist-packages (from htbuilder>=0.6.2->streamlit-extras) (10.1.0)\n","Requirement already satisfied: markdown in /usr/local/lib/python3.10/dist-packages (from markdownlit>=0.0.5->streamlit-extras) (3.6)\n","Requirement already satisfied: lxml in /usr/local/lib/python3.10/dist-packages (from markdownlit>=0.0.5->streamlit-extras) (4.9.4)\n","Collecting favicon (from markdownlit>=0.0.5->streamlit-extras)\n","  Downloading favicon-0.7.0-py2.py3-none-any.whl (5.9 kB)\n","Collecting pymdown-extensions (from markdownlit>=0.0.5->streamlit-extras)\n","  Downloading pymdown_extensions-10.8.1-py3-none-any.whl (250 kB)\n","\u001b[2K     \u001b[90m━━━━━━━━━━━━━━━━━━━━━━━━━━━━━━━━━━━━━━━━\u001b[0m \u001b[32m250.8/250.8 kB\u001b[0m \u001b[31m33.7 MB/s\u001b[0m eta \u001b[36m0:00:00\u001b[0m\n","\u001b[?25hRequirement already satisfied: altair<6,>=4.0 in /usr/local/lib/python3.10/dist-packages (from streamlit>=1.0.0->streamlit-extras) (4.2.2)\n","Requirement already satisfied: blinker<2,>=1.0.0 in /usr/lib/python3/dist-packages (from streamlit>=1.0.0->streamlit-extras) (1.4)\n","Requirement already satisfied: cachetools<6,>=4.0 in /usr/local/lib/python3.10/dist-packages (from streamlit>=1.0.0->streamlit-extras) (5.3.3)\n","Requirement already satisfied: click<9,>=7.0 in /usr/local/lib/python3.10/dist-packages (from streamlit>=1.0.0->streamlit-extras) (8.1.7)\n","Requirement already satisfied: numpy<2,>=1.19.3 in /usr/local/lib/python3.10/dist-packages (from streamlit>=1.0.0->streamlit-extras) (1.25.2)\n","Requirement already satisfied: packaging<25,>=16.8 in /usr/local/lib/python3.10/dist-packages (from streamlit>=1.0.0->streamlit-extras) (24.0)\n","Requirement already satisfied: pandas<3,>=1.3.0 in /usr/local/lib/python3.10/dist-packages (from streamlit>=1.0.0->streamlit-extras) (2.0.3)\n","Requirement already satisfied: pillow<11,>=7.1.0 in /usr/local/lib/python3.10/dist-packages (from streamlit>=1.0.0->streamlit-extras) (9.4.0)\n","Requirement already satisfied: pyarrow>=7.0 in /usr/local/lib/python3.10/dist-packages (from streamlit>=1.0.0->streamlit-extras) (14.0.2)\n","Requirement already satisfied: requests<3,>=2.27 in /usr/local/lib/python3.10/dist-packages (from streamlit>=1.0.0->streamlit-extras) (2.31.0)\n","Requirement already satisfied: rich<14,>=10.14.0 in /usr/local/lib/python3.10/dist-packages (from streamlit>=1.0.0->streamlit-extras) (13.7.1)\n","Requirement already satisfied: tenacity<9,>=8.1.0 in /usr/local/lib/python3.10/dist-packages (from streamlit>=1.0.0->streamlit-extras) (8.2.3)\n","Requirement already satisfied: toml<2,>=0.10.1 in /usr/local/lib/python3.10/dist-packages (from streamlit>=1.0.0->streamlit-extras) (0.10.2)\n","Requirement already satisfied: typing-extensions<5,>=4.3.0 in /usr/local/lib/python3.10/dist-packages (from streamlit>=1.0.0->streamlit-extras) (4.11.0)\n","Requirement already satisfied: gitpython!=3.1.19,<4,>=3.0.7 in /usr/local/lib/python3.10/dist-packages (from streamlit>=1.0.0->streamlit-extras) (3.1.43)\n","Requirement already satisfied: pydeck<1,>=0.8.0b4 in /usr/local/lib/python3.10/dist-packages (from streamlit>=1.0.0->streamlit-extras) (0.9.0)\n","Requirement already satisfied: tornado<7,>=6.0.3 in /usr/local/lib/python3.10/dist-packages (from streamlit>=1.0.0->streamlit-extras) (6.3.3)\n","Requirement already satisfied: watchdog>=2.1.5 in /usr/local/lib/python3.10/dist-packages (from streamlit>=1.0.0->streamlit-extras) (4.0.0)\n","Requirement already satisfied: jinja2 in /usr/local/lib/python3.10/dist-packages (from streamlit-camera-input-live>=0.2.0->streamlit-extras) (3.1.3)\n","Collecting faker (from streamlit-faker>=0.0.2->streamlit-extras)\n","  Downloading Faker-25.0.1-py3-none-any.whl (1.8 MB)\n","\u001b[2K     \u001b[90m━━━━━━━━━━━━━━━━━━━━━━━━━━━━━━━━━━━━━━━━\u001b[0m \u001b[32m1.8/1.8 MB\u001b[0m \u001b[31m79.1 MB/s\u001b[0m eta \u001b[36m0:00:00\u001b[0m\n","\u001b[?25hRequirement already satisfied: matplotlib in /usr/local/lib/python3.10/dist-packages (from streamlit-faker>=0.0.2->streamlit-extras) (3.0.1)\n","Requirement already satisfied: jsonschema>=3.0 in /usr/local/lib/python3.10/dist-packages (from altair<6,>=4.0->streamlit>=1.0.0->streamlit-extras) (4.19.2)\n","Requirement already satisfied: toolz in /usr/local/lib/python3.10/dist-packages (from altair<6,>=4.0->streamlit>=1.0.0->streamlit-extras) (0.12.1)\n","Requirement already satisfied: gitdb<5,>=4.0.1 in /usr/local/lib/python3.10/dist-packages (from gitpython!=3.1.19,<4,>=3.0.7->streamlit>=1.0.0->streamlit-extras) (4.0.11)\n","Requirement already satisfied: python-dateutil>=2.8.2 in /usr/local/lib/python3.10/dist-packages (from pandas<3,>=1.3.0->streamlit>=1.0.0->streamlit-extras) (2.8.2)\n","Requirement already satisfied: pytz>=2020.1 in /usr/local/lib/python3.10/dist-packages (from pandas<3,>=1.3.0->streamlit>=1.0.0->streamlit-extras) (2023.4)\n","Requirement already satisfied: tzdata>=2022.1 in /usr/local/lib/python3.10/dist-packages (from pandas<3,>=1.3.0->streamlit>=1.0.0->streamlit-extras) (2024.1)\n","Requirement already satisfied: MarkupSafe>=2.0 in /usr/local/lib/python3.10/dist-packages (from jinja2->streamlit-camera-input-live>=0.2.0->streamlit-extras) (2.1.5)\n","Requirement already satisfied: charset-normalizer<4,>=2 in /usr/local/lib/python3.10/dist-packages (from requests<3,>=2.27->streamlit>=1.0.0->streamlit-extras) (3.3.2)\n","Requirement already satisfied: idna<4,>=2.5 in /usr/local/lib/python3.10/dist-packages (from requests<3,>=2.27->streamlit>=1.0.0->streamlit-extras) (3.7)\n","Requirement already satisfied: urllib3<3,>=1.21.1 in /usr/local/lib/python3.10/dist-packages (from requests<3,>=2.27->streamlit>=1.0.0->streamlit-extras) (2.0.7)\n","Requirement already satisfied: certifi>=2017.4.17 in /usr/local/lib/python3.10/dist-packages (from requests<3,>=2.27->streamlit>=1.0.0->streamlit-extras) (2024.2.2)\n","Requirement already satisfied: markdown-it-py>=2.2.0 in /usr/local/lib/python3.10/dist-packages (from rich<14,>=10.14.0->streamlit>=1.0.0->streamlit-extras) (3.0.0)\n","Requirement already satisfied: pygments<3.0.0,>=2.13.0 in /usr/local/lib/python3.10/dist-packages (from rich<14,>=10.14.0->streamlit>=1.0.0->streamlit-extras) (2.16.1)\n","Requirement already satisfied: beautifulsoup4>=4.7.0 in /usr/local/lib/python3.10/dist-packages (from favicon->markdownlit>=0.0.5->streamlit-extras) (4.12.3)\n","Requirement already satisfied: cycler>=0.10 in /usr/local/lib/python3.10/dist-packages (from matplotlib->streamlit-faker>=0.0.2->streamlit-extras) (0.12.1)\n","Requirement already satisfied: kiwisolver>=1.0.1 in /usr/local/lib/python3.10/dist-packages (from matplotlib->streamlit-faker>=0.0.2->streamlit-extras) (1.4.5)\n","Requirement already satisfied: pyparsing!=2.0.4,!=2.1.2,!=2.1.6,>=2.0.1 in /usr/local/lib/python3.10/dist-packages (from matplotlib->streamlit-faker>=0.0.2->streamlit-extras) (3.1.2)\n","Requirement already satisfied: pyyaml in /usr/local/lib/python3.10/dist-packages (from pymdown-extensions->markdownlit>=0.0.5->streamlit-extras) (6.0.1)\n","Requirement already satisfied: soupsieve>1.2 in /usr/local/lib/python3.10/dist-packages (from beautifulsoup4>=4.7.0->favicon->markdownlit>=0.0.5->streamlit-extras) (2.5)\n","Requirement already satisfied: smmap<6,>=3.0.1 in /usr/local/lib/python3.10/dist-packages (from gitdb<5,>=4.0.1->gitpython!=3.1.19,<4,>=3.0.7->streamlit>=1.0.0->streamlit-extras) (5.0.1)\n","Requirement already satisfied: attrs>=22.2.0 in /usr/local/lib/python3.10/dist-packages (from jsonschema>=3.0->altair<6,>=4.0->streamlit>=1.0.0->streamlit-extras) (23.2.0)\n","Requirement already satisfied: jsonschema-specifications>=2023.03.6 in /usr/local/lib/python3.10/dist-packages (from jsonschema>=3.0->altair<6,>=4.0->streamlit>=1.0.0->streamlit-extras) (2023.12.1)\n","Requirement already satisfied: referencing>=0.28.4 in /usr/local/lib/python3.10/dist-packages (from jsonschema>=3.0->altair<6,>=4.0->streamlit>=1.0.0->streamlit-extras) (0.35.0)\n","Requirement already satisfied: rpds-py>=0.7.1 in /usr/local/lib/python3.10/dist-packages (from jsonschema>=3.0->altair<6,>=4.0->streamlit>=1.0.0->streamlit-extras) (0.18.0)\n","Requirement already satisfied: mdurl~=0.1 in /usr/local/lib/python3.10/dist-packages (from markdown-it-py>=2.2.0->rich<14,>=10.14.0->streamlit>=1.0.0->streamlit-extras) (0.1.2)\n","Requirement already satisfied: six>=1.5 in /usr/local/lib/python3.10/dist-packages (from python-dateutil>=2.8.2->pandas<3,>=1.3.0->streamlit>=1.0.0->streamlit-extras) (1.16.0)\n","Installing collected packages: validators, pymdown-extensions, htbuilder, st-annotated-text, favicon, faker, streamlit-vertical-slider, streamlit-toggle-switch, streamlit-keyup, streamlit-image-coordinates, streamlit-embedcode, streamlit-card, streamlit-camera-input-live, streamlit-faker, markdownlit, streamlit-extras\n","Successfully installed faker-25.0.1 favicon-0.7.0 htbuilder-0.6.2 markdownlit-0.0.7 pymdown-extensions-10.8.1 st-annotated-text-4.0.1 streamlit-camera-input-live-0.2.0 streamlit-card-1.0.0 streamlit-embedcode-0.1.2 streamlit-extras-0.4.2 streamlit-faker-0.0.3 streamlit-image-coordinates-0.1.6 streamlit-keyup-0.2.4 streamlit-toggle-switch-1.0.2 streamlit-vertical-slider-2.5.5 validators-0.28.1\n"]}]},{"cell_type":"code","source":["!streamlit run Home.py & npx localtunnel --port 8501 & curl ipv4.icanhazip.com &"],"metadata":{"colab":{"base_uri":"https://localhost:8080/"},"id":"6Twv_dgeVLNz","executionInfo":{"status":"ok","timestamp":1715098691185,"user_tz":-330,"elapsed":192807,"user":{"displayName":"Divyaant Kumar Jain","userId":"17029113749924499770"}},"outputId":"58020b3b-d38b-42fa-d7bc-de94cf9e79ff"},"execution_count":4,"outputs":[{"output_type":"stream","name":"stdout","text":["34.143.196.112\n","\n","Collecting usage statistics. To deactivate, set browser.gatherUsageStats to false.\n","\u001b[0m\n","\u001b[0m\n","\u001b[34m\u001b[1m  You can now view your Streamlit app in your browser.\u001b[0m\n","\u001b[0m\n","\u001b[34m  Network URL: \u001b[0m\u001b[1mhttp://172.28.0.12:8501\u001b[0m\n","\u001b[34m  External URL: \u001b[0m\u001b[1mhttp://34.143.196.112:8501\u001b[0m\n","\u001b[0m\n","\u001b[K\u001b[?25hnpx: installed 22 in 2.563s\n","your url is: https://large-facts-sell.loca.lt\n","24-05-07 16:15:36 - Directory /root/.deepface created\n","24-05-07 16:15:36 - Directory /root/.deepface/weights created\n","2024-05-07 16:16:04.607 Uncaught app exception\n","Traceback (most recent call last):\n","  File \"/usr/local/lib/python3.10/dist-packages/chromadb/api/client.py\", line 438, in _validate_tenant_database\n","    self._admin_client.get_tenant(name=tenant)\n","  File \"/usr/local/lib/python3.10/dist-packages/chromadb/api/client.py\", line 486, in get_tenant\n","    return self._server.get_tenant(name=name)\n","  File \"/usr/local/lib/python3.10/dist-packages/chromadb/api/segment.py\", line 140, in get_tenant\n","    return self._sysdb.get_tenant(name=name)\n","  File \"/usr/local/lib/python3.10/dist-packages/chromadb/db/mixins/sysdb.py\", line 134, in get_tenant\n","    row = cur.execute(sql, params).fetchone()\n","sqlite3.OperationalError: no such table: tenants\n","\n","During handling of the above exception, another exception occurred:\n","\n","Traceback (most recent call last):\n","  File \"/usr/local/lib/python3.10/dist-packages/streamlit/runtime/scriptrunner/script_runner.py\", line 584, in _run_script\n","    exec(code, module.__dict__)\n","  File \"/content/drive/MyDrive/Queue_analyzer/Home.py\", line 240, in <module>\n","    main()\n","  File \"/content/drive/MyDrive/Queue_analyzer/Home.py\", line 226, in main\n","    people_count_intervals_data = yolov8.load_yolov8_and_process_each_frame(tfflie.name, confidence, stframe,  kpi2_text, kpi3_text,time_interval)\n","  File \"/content/drive/MyDrive/Queue_analyzer/yolov8_with_streamlit1.py\", line 354, in load_yolov8_and_process_each_frame\n","    client = chromadb.PersistentClient(path = em_folder)\n","  File \"/usr/local/lib/python3.10/dist-packages/chromadb/__init__.py\", line 146, in PersistentClient\n","    return ClientCreator(tenant=tenant, database=database, settings=settings)\n","  File \"/usr/local/lib/python3.10/dist-packages/chromadb/api/client.py\", line 144, in __init__\n","    self._validate_tenant_database(tenant=tenant, database=database)\n","  File \"/usr/local/lib/python3.10/dist-packages/chromadb/api/client.py\", line 447, in _validate_tenant_database\n","    raise ValueError(\n","ValueError: Could not connect to tenant default_tenant. Are you sure it exists?\n","from EmotionDetector: weights loaded\n","from AgeGenderEstimator: weights loaded\n","[ WARN:0@155.224] global cap_v4l.cpp:997 open VIDEOIO(V4L2:/dev/video0): can't open camera by index\n","[ERROR:0@155.225] global obsensor_uvc_stream_channel.cpp:159 getStreamChannelGroup Camera index out of range\n","\u001b[34m  Stopping...\u001b[0m\n","Exception in callback _HandlerDelegate.execute.<locals>.<lambda>(<Task cancell.../web.py:1742>>) at /usr/local/lib/python3.10/dist-packages/tornado/web.py:2434\n","handle: <Handle _HandlerDelegate.execute.<locals>.<lambda>(<Task cancell.../web.py:1742>>) at /usr/local/lib/python3.10/dist-packages/tornado/web.py:2434>\n","Traceback (most recent call last):\n","  File \"/usr/local/lib/python3.10/dist-packages/tornado/web.py\", line 1786, in _execute\n","    result = await result\n","  File \"/usr/local/lib/python3.10/dist-packages/tornado/web.py\", line 2756, in get\n","    await self.flush()\n","asyncio.exceptions.CancelledError\n","\n","During handling of the above exception, another exception occurred:\n","\n","Traceback (most recent call last):\n","  File \"/usr/lib/python3.10/asyncio/events.py\", line 80, in _run\n","    self._context.run(self._callback, *self._args)\n","  File \"/usr/local/lib/python3.10/dist-packages/tornado/web.py\", line 2434, in <lambda>\n","    fut.add_done_callback(lambda f: f.result())\n","asyncio.exceptions.CancelledError\n","Exception in callback _HandlerDelegate.execute.<locals>.<lambda>(<Task cancell.../web.py:1742>>) at /usr/local/lib/python3.10/dist-packages/tornado/web.py:2434\n","handle: <Handle _HandlerDelegate.execute.<locals>.<lambda>(<Task cancell.../web.py:1742>>) at /usr/local/lib/python3.10/dist-packages/tornado/web.py:2434>\n","Traceback (most recent call last):\n","  File \"/usr/local/lib/python3.10/dist-packages/tornado/web.py\", line 1786, in _execute\n","    result = await result\n","  File \"/usr/local/lib/python3.10/dist-packages/tornado/web.py\", line 2756, in get\n","    await self.flush()\n","asyncio.exceptions.CancelledError\n","\n","During handling of the above exception, another exception occurred:\n","\n","Traceback (most recent call last):\n","  File \"/usr/lib/python3.10/asyncio/events.py\", line 80, in _run\n","    self._context.run(self._callback, *self._args)\n","  File \"/usr/local/lib/python3.10/dist-packages/tornado/web.py\", line 2434, in <lambda>\n","    fut.add_done_callback(lambda f: f.result())\n","asyncio.exceptions.CancelledError\n","Exception in callback _HandlerDelegate.execute.<locals>.<lambda>(<Task cancell.../web.py:1742>>) at /usr/local/lib/python3.10/dist-packages/tornado/web.py:2434\n","handle: <Handle _HandlerDelegate.execute.<locals>.<lambda>(<Task cancell.../web.py:1742>>) at /usr/local/lib/python3.10/dist-packages/tornado/web.py:2434>\n","Traceback (most recent call last):\n","  File \"/usr/local/lib/python3.10/dist-packages/tornado/web.py\", line 1786, in _execute\n","    result = await result\n","  File \"/usr/local/lib/python3.10/dist-packages/tornado/web.py\", line 2756, in get\n","    await self.flush()\n","asyncio.exceptions.CancelledError\n","\n","During handling of the above exception, another exception occurred:\n","\n","Traceback (most recent call last):\n","  File \"/usr/lib/python3.10/asyncio/events.py\", line 80, in _run\n","    self._context.run(self._callback, *self._args)\n","  File \"/usr/local/lib/python3.10/dist-packages/tornado/web.py\", line 2434, in <lambda>\n","    fut.add_done_callback(lambda f: f.result())\n","asyncio.exceptions.CancelledError\n"]}]},{"cell_type":"code","source":[],"metadata":{"id":"eypSOny2WX8r"},"execution_count":null,"outputs":[]},{"cell_type":"code","source":[],"metadata":{"id":"j6biJ0ydQKR7"},"execution_count":null,"outputs":[]}]}